==========
玩家您好！请查看：http://app19089.qzoneapp.com/pubzone/fclogin/error.php，谢谢支持。
====================
玩家您好！请查看我们游戏的说明：http://app19089.imgcache.qzoneapp.com/app19089/qa/index.html，谢谢支持。
====================
玩家您好！请尽快联系我们的企业QQ：800034756，然后选择相应客服，谢谢您的支持和理解。
====================
玩家您好！谢谢您的反馈和支持，目前已经记录，稍候将会反馈到相应的部门，祝您游戏愉快。
====================
玩家您好！请点击“原创”->右上的“交易记录”，里面可以查询和领取出售相关的都市币与服饰点券，谢谢支持。
====================
玩家您好！游戏里面的『信心副本』是不会掉落宠物的，您得到的是宠物装扮，需要玩家拥有这个宠物才能看到，谢谢支持，祝您游戏愉快。
====================
玩家您好！请点击游戏左上方的“选择分区”，然后再选择另外的游戏分区。
您的游戏数据是不会被清空的，您只是进入了其他的游戏分区，请先确认一下，谢谢支持。
====================
玩家您好！根据腾讯方面的要求进行了更改，目前游戏改为了好友间赠送和索要，不再是圈友间了。
请点开游戏右边的『好友圈友』，里面有刷新的功能，更新一下好友列表的数据，谢谢玩家的理解。
====================
玩家您好！这个是游戏的安全密码，是为了防止盗号而设计的功能。密码是玩家您自己设置的，我们是并不清楚的。
如果玩家您忘记了安全密码，可以在游戏左上的『个人信息』里面重置这个密码，为了安全，重置密码需要48小时。
====================
玩家您好！请先查找您的异性设计图仓库，您得到的很可能不是自己性别的服饰。麻烦您先确认一下，谢谢理解。
最好是在得到设计图时截图这个服饰的样子、名称、服饰ID，然后在设计图的仓库中使用右上角的放大镜功能搜索。
====================
玩家您好！请问您是升级了么？请查看竞技赛的帮助，第一条说明。
跨了组别是不能领取之前那些奖励的，因为已经不是在同一个组里面了。
这个就像是活动结束了并不能再领取以前的奖励一样，请玩家留意这种的情况。
====================
玩家您好！礼包是在购买之后就会立即开启并弹出窗口，显示您得到的道具奖励有哪些的。
如果没有正常的弹出（比如购买的时候网络断了）就会保留在道具里面需要手动开启的。
对于一些比较贵重的道具和服饰，是有机率得到的，而不是必定得到的，谢谢您的支持。
====================
玩家您好！关于重置卡的详细说明如下：
1、重置会返回该成品服饰的设计图，但不包含材料（无法使用异性的设计图对成品服饰进行重置）。
2、重置用于技能好、时尚值等数值高，但展示外观不好看或者品质不够高的服饰，可以转移数据到新设计图上（无法用低品质设计图重置）。
3、重置会改变服饰的标签、制作人、服饰外观（变为新设计图的品质、外表），其他所有的数据都会被保留，包括服饰等级、强化等级、技能、属性等。
====================
玩家您好！请先把所有的头像装扮（包括头发、眼睛、鼻子等）都换成第一页里的左上第一个，然后保存一下。
接着再逐个的选择您喜欢的头像装扮，每选完一个装扮就点一下保存。
这个很可能是因为您之前在周六或者是拥有红钻、达人权限的时候，使用了现在没有权限使用的头像装扮，导致您说的这个情况。
如果还是有疑问，请联系我们的GM：800034756，谢谢支持。
====================
玩家您好！关于设计图的获得方法如下：
普通设计图可以通过派对之王副本、时尚之王大挑战副本、翻翻乐、孵蛋、签到、活动获得。
绝品设计图可以通过派对之王副本、信心无限副本、历练大赛、大挑战、秒杀礼包、打工、活动获得。
霓裳设计图可以通过派对之王副本（达人模式）、信心无限副本、秒杀礼包、打工、活动获得。
限量设计图可以通过一周历练5万以上、秒杀礼包获得。A＋设计图可以通过信心无限副本、活动获得。
====================
玩家您好！关于信心副本里面A+服饰以及其他掉落事件，都是和强化等级有关的，强化等级越高，掉落的几率也越高。
但并不是说强化等级低的就不能得到，而强化等级高的就一定得到，而是说强化等级高的得到A+服饰的机会也会越高。
我打个比方，假如某一件A+服饰的拥有者数量分布是这样的：强化7以上的玩家占了5件，强化7以下的玩家也占了5件。
但并不是说几率一样，因为A+服饰拥有者数量分布是这样计算的：某A+服饰拥有者人数=掉落几率x同等强化玩家基数。
也就是说假如强化7以下有100人，而强化7以上只有25人去刷A+，那么强化7以上的掉落几率要高4倍才会平衡拥有者数量。
最后重复一下，几率性的问题我们无法受理，因为所有的玩家都是使用同样的程序代码，谢谢您的理解和支持我们的游戏。
====================
